#
# A fatal error has been detected by the Java Runtime Environment:
#
#  EXCEPTION_INT_DIVIDE_BY_ZERO (0xc0000094) at pc=0x0659d2dc, pid=6648, tid=10380
#
# JRE version: Java(TM) SE Runtime Environment (8.0_91-b15) (build 1.8.0_91-b15)
# Java VM: Java HotSpot(TM) Client VM (25.91-b15 mixed mode windows-x86 )
# Problematic frame:
# C  [NumIdentify.dll+0xc7d2dc]
#
# Failed to write core dump. Minidumps are not enabled by default on client versions of Windows
#
# If you would like to submit a bug report, please visit:
#   http://bugreport.java.com/bugreport/crash.jsp
# The crash happened outside the Java Virtual Machine in native code.
# See problematic frame for where to report the bug.
#

---------------  T H R E A D  ---------------

Current thread (0x02cbe800):  JavaThread "main" [_thread_in_native, id=10380, stack(0x01180000,0x011d0000)]

siginfo: ExceptionCode=0xc0000094

Registers:
EAX=0x00000000, EBX=0x011cf458, ECX=0x00f1a3a0, EDX=0x00000000
ESP=0x011cf0d4, EBP=0x011cf450, ESI=0x011cf15c, EDI=0x052dd178
EIP=0x0659d2dc, EFLAGS=0x00010206

Top of Stack: (sp=0x011cf0d4)
0x011cf0d4:   00000000 00000038 9e93656a 011cf524
0x011cf0e4:   02cbe940 011cf4a0 04f35278 00000009
0x011cf0f4:   00000000 011cf4a0 02dcd3b3 0000003c
0x011cf104:   065a13e0 02dcd665 02dc47b4 00000000
0x011cf114:   0f300340 011cf4a0 00000000 011cf14c
0x011cf124:   04f35688 00000000 04f35278 00000000
0x011cf134:   011cf148 011cf178 02dc4580 00000000
0x011cf144:   0f2b5740 065a13e0 00000000 00000001 

Instructions: (pc=0x0659d2dc)
0x0659d2bc:   4d e4 c6 45 fc 05 e8 49 21 02 00 c6 45 fc 04 8b
0x0659d2cc:   b5 2c fd ff ff 6a 38 6a 00 69 06 c0 03 00 00 99
0x0659d2dc:   f7 7e 04 8b f8 8d 85 74 fd ff ff 50 89 bd ac fc
0x0659d2ec:   ff ff e8 ad 0c 18 00 83 c4 0c 8d 45 a8 0f 57 c0 


Register to memory mapping:

EAX=0x00000000 is an unknown value
EBX=0x011cf458 is pointing into the stack for thread: 0x02cbe800
ECX=0x00f1a3a0 is an unknown value
EDX=0x00000000 is an unknown value
ESP=0x011cf0d4 is pointing into the stack for thread: 0x02cbe800
EBP=0x011cf450 is pointing into the stack for thread: 0x02cbe800
ESI=0x011cf15c is pointing into the stack for thread: 0x02cbe800
EDI=0x052dd178 is an unknown value


Stack: [0x01180000,0x011d0000],  sp=0x011cf0d4,  free space=316k
Native frames: (J=compiled Java code, j=interpreted, Vv=VM code, C=native code)
C  [NumIdentify.dll+0xc7d2dc]
C  [NumIdentify.dll+0xc81314]
j  com.easymarathon.util.NumIdentify.Identify(Ljava/lang/String;Ljava/lang/String;)I+0
j  com.easymarathon.util.NumIdentify.GetID(Ljava/lang/String;)I+5
j  com.easymarathon.test.NumTest.main([Ljava/lang/String;)V+21
v  ~StubRoutines::call_stub
V  [jvm.dll+0x159425]
V  [jvm.dll+0x21f02e]
V  [jvm.dll+0x1594be]
V  [jvm.dll+0xdb317]
V  [jvm.dll+0xe38af]
C  [javaw.exe+0x229a]
C  [javaw.exe+0xaebf]
C  [javaw.exe+0xaf49]
C  [KERNEL32.DLL+0x138f4]
C  [ntdll.dll+0x65de3]
C  [ntdll.dll+0x65dae]
C  0x00000000

Java frames: (J=compiled Java code, j=interpreted, Vv=VM code)
j  com.easymarathon.util.NumIdentify.Identify(Ljava/lang/String;Ljava/lang/String;)I+0
j  com.easymarathon.util.NumIdentify.GetID(Ljava/lang/String;)I+5
j  com.easymarathon.test.NumTest.main([Ljava/lang/String;)V+21
v  ~StubRoutines::call_stub

---------------  P R O C E S S  ---------------

Java Threads: ( => current thread )
  0x0530cc00 JavaThread "Service Thread" daemon [_thread_blocked, id=5180, stack(0x05840000,0x05890000)]
  0x052dc400 JavaThread "C1 CompilerThread0" daemon [_thread_blocked, id=496, stack(0x057b0000,0x05800000)]
  0x052db400 JavaThread "Attach Listener" daemon [_thread_blocked, id=15532, stack(0x05720000,0x05770000)]
  0x052b9000 JavaThread "Signal Dispatcher" daemon [_thread_blocked, id=3844, stack(0x05690000,0x056e0000)]
  0x0529b800 JavaThread "Finalizer" daemon [_thread_blocked, id=7392, stack(0x055a0000,0x055f0000)]
  0x05285800 JavaThread "Reference Handler" daemon [_thread_blocked, id=1916, stack(0x05510000,0x05560000)]
=>0x02cbe800 JavaThread "main" [_thread_in_native, id=10380, stack(0x01180000,0x011d0000)]

Other Threads:
  0x05280400 VMThread [stack: 0x05480000,0x054d0000] [id=3284]
  0x05359000 WatcherThread [stack: 0x058d0000,0x05920000] [id=12276]

VM state:not at safepoint (normal execution)

VM Mutex/Monitor currently owned by a thread: None

Heap:
 def new generation   total 4928K, used 1078K [0x0f200000, 0x0f750000, 0x14750000)
  eden space 4416K,  24% used [0x0f200000, 0x0f30d8c0, 0x0f650000)
  from space 512K,   0% used [0x0f650000, 0x0f650000, 0x0f6d0000)
  to   space 512K,   0% used [0x0f6d0000, 0x0f6d0000, 0x0f750000)
 tenured generation   total 10944K, used 0K [0x14750000, 0x15200000, 0x1f200000)
   the space 10944K,   0% used [0x14750000, 0x14750000, 0x14750200, 0x15200000)
 Metaspace       used 1691K, capacity 2244K, committed 2368K, reserved 4480K

Card table byte_map: [0x02be0000,0x02c70000] byte_map_base: 0x02b67000

Polling page: 0x00ec0000

CodeCache: size=32768Kb used=703Kb max_used=703Kb free=32064Kb
 bounds [0x02dc0000, 0x02e70000, 0x04dc0000]
 total_blobs=167 nmethods=26 adapters=73
 compilation: enabled

Compilation events (10 events):
Event: 0.149 Thread 0x052dc400   22   !         java.io.BufferedReader::readLine (304 bytes)
Event: 0.151 Thread 0x052dc400 nmethod 22 0x02e69a88 code [0x02e69c40, 0x02e6a784]
Event: 0.151 Thread 0x052dc400   23   !         sun.nio.cs.ext.DoubleByte$Decoder::decodeArrayLoop (329 bytes)
Event: 0.153 Thread 0x052dc400 nmethod 23 0x02e6b208 code [0x02e6b5c0, 0x02e6c4fc]
Event: 0.153 Thread 0x052dc400   24             sun.net.www.ParseUtil::encodePath (336 bytes)
Event: 0.154 Thread 0x052dc400 nmethod 24 0x02e6e588 code [0x02e6e730, 0x02e6edd8]
Event: 0.155 Thread 0x052dc400   25             java.io.WinNTFileSystem::isSlash (18 bytes)
Event: 0.155 Thread 0x052dc400 nmethod 25 0x02e6f448 code [0x02e6f540, 0x02e6f5e0]
Event: 0.156 Thread 0x052dc400   26  s          java.lang.StringBuffer::append (13 bytes)
Event: 0.156 Thread 0x052dc400 nmethod 26 0x02e6f8c8 code [0x02e6f9d0, 0x02e6fc0c]

GC Heap History (0 events):
No events

Deoptimization events (0 events):
No events

Internal exceptions (6 events):
Event: 0.043 Thread 0x02cbe800 Exception <a 'java/lang/NoSuchMethodError': Method sun.misc.Unsafe.defineClass(Ljava/lang/String;[BII)Ljava/lang/Class; name or signature does not match> (0x0f206ea8) thrown at [C:\re\workspace\8-2-build-windows-i586-cygwin\jdk8u91\7017\hotspot\src\share\vy	

Event: 0.043 Thread 0x02cbe800 Exception <a 'java/lang/NoSuchMethodError': Method sun.misc.Unsafe.prefetchRead(Ljava/lang/Object;J)V name or signature does not match> (0x0f207178) thrown at [C:\re\workspace\8-2-build-windows-i586-cygwin\jdk8u91\7017\hotspot\src\share\vm\prims\jni.cpp, l°û6Æ°Ã?
Event: 0.154 Thread 0x02cbe800 Exception <a 'java/security/PrivilegedActionException'> (0x0f2fa418) thrown at [C:\re\workspace\8-2-build-windows-i586-cygwin\jdk8u91\7017\hotspot\src\share\vm\prims\jvm.cpp, line 1386]
Event: 0.154 Thread 0x02cbe800 Exception <a 'java/security/PrivilegedActionException'> (0x0f2fa618) thrown at [C:\re\workspace\8-2-build-windows-i586-cygwin\jdk8u91\7017\hotspot\src\share\vm\prims\jvm.cpp, line 1386]
Event: 0.155 Thread 0x02cbe800 Exception <a 'java/security/PrivilegedActionException'> (0x0f2fe400) thrown at [C:\re\workspace\8-2-build-windows-i586-cygwin\jdk8u91\7017\hotspot\src\share\vm\prims\jvm.cpp, line 1386]
Event: 0.155 Thread 0x02cbe800 Exception <a 'java/security/PrivilegedActionException'> (0x0f2fe600) thrown at [C:\re\workspace\8-2-build-windows-i586-cygwin\jdk8u91\7017\hotspot\src\share\vm\prims\jvm.cpp, line 1386]

Events (10 events):
Event: 0.154 loading class java/security/PrivilegedActionException
Event: 0.154 loading class java/security/PrivilegedActionException done
Event: 0.155 loading class java/net/URLClassLoader$2
Event: 0.155 loading class java/net/URLClassLoader$2 done
Event: 0.155 loading class java/net/URI$Parser
Event: 0.155 loading class java/net/URI$Parser done
Event: 0.156 loading class java/util/concurrent/ConcurrentHashMap$ForwardingNode
Event: 0.156 loading class java/util/concurrent/ConcurrentHashMap$ForwardingNode done
Event: 0.156 Thread 0x02cbe800 DEOPT PACKING pc=0x02e6be98 sp=0x011ceb20
Event: 0.156 Thread 0x02cbe800 DEOPT UNPACKING pc=0x02dfc5db sp=0x011cea40 mode 3


Dynamic libraries:
0x012d0000 - 0x01303000 	C:\Program Files (x86)\Java\jre1.8.0_91\bin\javaw.exe
0x77050000 - 0x771cb000 	C:\WINDOWS\SYSTEM32\ntdll.dll
0x75440000 - 0x75520000 	C:\WINDOWS\SYSTEM32\KERNEL32.DLL
0x75a10000 - 0x75b8e000 	C:\WINDOWS\SYSTEM32\KERNELBASE.dll
0x70050000 - 0x700e2000 	C:\WINDOWS\system32\apphelp.dll
0x741d0000 - 0x7424b000 	C:\WINDOWS\SYSTEM32\ADVAPI32.dll
0x75690000 - 0x7574e000 	C:\WINDOWS\SYSTEM32\msvcrt.dll
0x74250000 - 0x74294000 	C:\WINDOWS\SYSTEM32\sechost.dll
0x75050000 - 0x750fd000 	C:\WINDOWS\SYSTEM32\RPCRT4.dll
0x73ca0000 - 0x73cbe000 	C:\WINDOWS\SYSTEM32\SspiCli.dll
0x73c90000 - 0x73c9a000 	C:\WINDOWS\SYSTEM32\CRYPTBASE.dll
0x74df0000 - 0x74e48000 	C:\WINDOWS\SYSTEM32\bcryptPrimitives.dll
0x75540000 - 0x75687000 	C:\WINDOWS\SYSTEM32\USER32.dll
0x744f0000 - 0x7463f000 	C:\WINDOWS\SYSTEM32\GDI32.dll
0x71700000 - 0x7190f000 	C:\WINDOWS\WinSxS\x86_microsoft.windows.common-controls_6595b64144ccf1df_6.0.10586.494_none_ea85e725b9ba5a4b\COMCTL32.dll
0x74e90000 - 0x7504d000 	C:\WINDOWS\SYSTEM32\combase.dll
0x75200000 - 0x7522b000 	C:\WINDOWS\SYSTEM32\IMM32.DLL
0x73ba0000 - 0x73bcb000 	C:\WINDOWS\SYSTEM32\nvinit.dll
0x73b90000 - 0x73b98000 	C:\WINDOWS\SYSTEM32\VERSION.dll
0x0f000000 - 0x0f006000 	C:\Program Files (x86)\NVIDIA Corporation\CoProcManager\_etoured.dll
0x71ad0000 - 0x71af9000 	C:\Program Files (x86)\NVIDIA Corporation\CoProcManager\nvd3d9wrap.dll
0x74640000 - 0x74a4b000 	C:\WINDOWS\SYSTEM32\SETUPAPI.dll
0x74e50000 - 0x74e87000 	C:\WINDOWS\SYSTEM32\CFGMGR32.dll
0x71dc0000 - 0x71dde000 	C:\Program Files (x86)\NVIDIA Corporation\CoProcManager\nvdxgiwrap.dll
0x5b690000 - 0x5b74d000 	C:\Program Files (x86)\Java\jre1.8.0_91\bin\msvcr100.dll
0x5b790000 - 0x5bb5a000 	C:\Program Files (x86)\Java\jre1.8.0_91\bin\client\jvm.dll
0x77040000 - 0x77046000 	C:\WINDOWS\SYSTEM32\PSAPI.DLL
0x70940000 - 0x70948000 	C:\WINDOWS\SYSTEM32\WSOCK32.dll
0x725a0000 - 0x725c4000 	C:\WINDOWS\SYSTEM32\WINMM.dll
0x742c0000 - 0x7431f000 	C:\WINDOWS\SYSTEM32\WS2_32.dll
0x72310000 - 0x72333000 	C:\WINDOWS\SYSTEM32\WINMMBASE.dll
0x5f5f0000 - 0x5f5fc000 	C:\Program Files (x86)\Java\jre1.8.0_91\bin\verify.dll
0x5f5c0000 - 0x5f5e1000 	C:\Program Files (x86)\Java\jre1.8.0_91\bin\java.dll
0x5efc0000 - 0x5efd3000 	C:\Program Files (x86)\Java\jre1.8.0_91\bin\zip.dll
0x75b90000 - 0x76f8e000 	C:\WINDOWS\SYSTEM32\SHELL32.dll
0x73cd0000 - 0x741ca000 	C:\WINDOWS\SYSTEM32\windows.storage.dll
0x75230000 - 0x75275000 	C:\WINDOWS\SYSTEM32\shlwapi.dll
0x75520000 - 0x7552c000 	C:\WINDOWS\SYSTEM32\kernel.appcore.dll
0x743e0000 - 0x7446d000 	C:\WINDOWS\SYSTEM32\shcore.dll
0x75840000 - 0x75884000 	C:\WINDOWS\SYSTEM32\powrprof.dll
0x75530000 - 0x7553f000 	C:\WINDOWS\SYSTEM32\profapi.dll
0x05920000 - 0x06e06000 	G:\workspace2\RunnerChecker\build\classes\com\easymarathon\util\NumIdentify.dll
0x74a50000 - 0x74b42000 	C:\WINDOWS\SYSTEM32\COMDLG32.dll
0x012a0000 - 0x012ce000 	C:\WINDOWS\SYSTEM32\VCOMP140.DLL
0x74380000 - 0x743de000 	C:\WINDOWS\SYSTEM32\FirewallAPI.dll
0x742a0000 - 0x742b3000 	C:\WINDOWS\SYSTEM32\NETAPI32.dll
0x68360000 - 0x68440000 	C:\WINDOWS\SYSTEM32\OPENGL32.dll
0x73800000 - 0x7380b000 	C:\WINDOWS\SYSTEM32\DAVHLPR.DLL
0x508d0000 - 0x508f5000 	C:\WINDOWS\SYSTEM32\GLU32.dll
0x06e10000 - 0x06efe000 	C:\WINDOWS\SYSTEM32\DDRAW.dll
0x50620000 - 0x50627000 	C:\WINDOWS\SYSTEM32\DCIMAN32.dll
0x73460000 - 0x7348d000 	C:\WINDOWS\SYSTEM32\fwbase.dll
0x728f0000 - 0x72a2f000 	C:\WINDOWS\SYSTEM32\dbghelp.dll

VM Arguments:
jvm_args: -Dfile.encoding=GBK 
java_command: com.easymarathon.test.NumTest
java_class_path (initial): G:\workspace2\RunnerChecker\build\classes;G:\workspace2\RunnerChecker\WebContent\WEB-INF\lib\c3p0-0.9.2.1.jar;G:\workspace2\RunnerChecker\WebContent\WEB-INF\lib\commons-beanutils-1.7.0.jar;G:\workspace2\RunnerChecker\WebContent\WEB-INF\lib\commons-collections-3.2.1.jar;G:\workspace2\RunnerChecker\WebContent\WEB-INF\lib\commons-fileupload-1.3.1.jar;G:\workspace2\RunnerChecker\WebContent\WEB-INF\lib\commons-io-2.2.jar;G:\workspace2\RunnerChecker\WebContent\WEB-INF\lib\commons-lang-2.3.jar;G:\workspace2\RunnerChecker\WebContent\WEB-INF\lib\commons-lang3-3.2.jar;G:\workspace2\RunnerChecker\WebContent\WEB-INF\lib\commons-logging-1.0.4.jar;G:\workspace2\RunnerChecker\WebContent\WEB-INF\lib\commons-logging-1.2.jar;G:\workspace2\RunnerChecker\WebContent\WEB-INF\lib\dom4j-1.6.1.jar;G:\workspace2\RunnerChecker\WebContent\WEB-INF\lib\dom4j-2.0.0-RC1.jar;G:\workspace2\RunnerChecker\WebContent\WEB-INF\lib\ezmorph-1.0.6.jar;G:\workspace2\RunnerChecker\WebContent\WEB-INF\lib\fastjson-1.2.12-javadoc.jar;G:\workspace2\RunnerChecker\WebContent\WEB-INF\lib\fastjson-1.2.12.jar;G:\workspace2\RunnerChecker\WebContent\WEB-INF\lib\fastjson-1.2.7.jar;G:\workspace2\RunnerChecker\WebContent\WEB-INF\lib\freemarker-2.3.22.jar;G:\workspace2\RunnerChecker\WebContent\WEB-INF\lib\javassist-3.11.0.GA.jar;G:\workspace2\RunnerChecker\WebContent\WEB-INF\lib\json-lib-2.2.3-jdk13.jar;G:\workspace2\RunnerChecker\WebContent\WEB-INF\lib\log4j-1.2.15.jar;G:\workspace2\RunnerChecker\WebContent\WEB-INF\lib\mchange-commons-java-0.2.3.4.jar;G:\workspace2\RunnerChecker\WebContent\WEB-INF\lib\ognl-3.0.6.jar;G:\workspace2\RunnerChecker\WebContent\WEB-INF\lib\slf4j-api-1.5.10.jar;G:\workspace2\RunnerChecker\WebContent\WEB-INF\lib\slf4j-log4j12-1.5.10.jar;G:\workspace2\RunnerChecker\WebContent\WEB-INF\lib\sqljdbc42.jar;G:\workspace2\RunnerChecker\WebContent\WEB-INF\lib\struts2-core-2.3.24.1.jar;G:\workspace2\RunnerChecker\WebContent\WEB-INF\lib\xstream-1.3.1.jar;G:\workspace2\RunnerChecke
Launcher Type: SUN_STANDARD

Environment Variables:
JAVA_HOME=C:\Program Files (x86)\Java\jdk1.8.0_91
CLASSPATH=.;.;C:\PROGRA~2\JMF21~1.1E\lib\sound.jar;C:\PROGRA~2\JMF21~1.1E\lib\jmf.jar;C:\PROGRA~2\JMF21~1.1E\lib;
PATH=C:/Program Files (x86)/Java/jre1.8.0_91/bin/client;C:/Program Files (x86)/Java/jre1.8.0_91/bin;C:/Program Files (x86)/Java/jre1.8.0_91/lib/i386;C:\ProgramData\Oracle\Java\javapath;C:\Program Files\Java\jdk1.8.0_60\bin;%JAVA_HOMEC%\bin:\ProgramData\Oracle\Java\javapath;C:\Program Files (x86)\Intel\iCLS Client\;C:\Program Files\Intel\iCLS Client\;C:\WINDOWS\system32;C:\WINDOWS;C:\WINDOWS\System32\Wbem;C:\WINDOWS\System32\WindowsPowerShell\v1.0\;C:\Program Files\Intel\Intel(R) Management Engine Components\DAL;C:\Program Files\Intel\Intel(R) Management Engine Components\IPT;C:\Program Files (x86)\Intel\Intel(R) Management Engine Components\DAL;C:\Program Files (x86)\Intel\Intel(R) Management Engine Components\IPT;C:\Program Files (x86)\Intel\OpenCL SDK\2.0\bin\x86;C:\Program Files (x86)\Intel\OpenCL SDK\2.0\bin\x64;C:\Program Files\Microsoft SQL Server\110\Tools\Binn\;H:\matlab2014\runtime\win64;H:\matlab2014\bin;H:\matlab2014\polyspace\bin;C:\Program Files\Microsoft SQL Server\Client SDK\ODBC\110\Tools\Binn\;C:\Program Files (x86)\Microsoft SQL Server\120\Tools\Binn\;C:\Program Files\Microsoft SQL Server\120\Tools\Binn\;C:\Program Files\Microsoft SQL Server\120\DTS\Binn\;C:\Program Files (x86)\Microsoft SQL Server\120\Tools\Binn\ManagementStudio\;C:\Program Files (x86)\Microsoft SQL Server\120\DTS\Binn\;C:\Program Files (x86)\NVIDIA Corporation\PhysX\Common%;H:\jboss-as-7.1.1.Final\bin;C:\WINDOWS\system32;C:\WINDOWS;C:\WINDOWS\System32\Wbem;C:\WINDOWS\System32\WindowsPowerShell\v1.0\;C:\Program Files (x86)\Windows Kits\8.1\Windows Performance Toolkit\;H:\Android\androidSDK\tools\;H:\Android\androidSDK\platform-tools\;H:\boost_1_60_0\lib64-msvc-12.0;H:\Python2.7 32;H:\opencv2.4.11\opencv\build\x86\vc12\bin;H:\eclipse86\eclipse;
USERNAME=J_Crocodile
OS=Windows_NT
PROCESSOR_IDENTIFIER=Intel64 Family 6 Model 58 Stepping 9, GenuineIntel



---------------  S Y S T E M  ---------------

OS: Windows 10.0 , 64 bit Build 10586 (10.0.10586.0)

CPU:total 4 (2 cores per cpu, 2 threads per core) family 6 model 58 stepping 9, cmov, cx8, fxsr, mmx, sse, sse2, sse3, ssse3, sse4.1, sse4.2, popcnt, avx, aes, clmul, erms, ht, tsc, tscinvbit, tscinv

Memory: 4k page, physical 8251156k(4590020k free), swap 10610452k(6258828k free)

vm_info: Java HotSpot(TM) Client VM (25.91-b15) for windows-x86 JRE (1.8.0_91-b15), built on May 20 2016 17:33:18 by "java_re" with MS VC++ 10.0 (VS2010)

time: Sun Jul 17 16:00:30 2016
elapsed time: 0 seconds (0d 0h 0m 0s)

